[2024-01-16 17:00:47,755] multiqc                                            [DEBUG  ]  This is MultiQC v1.17
[2024-01-16 17:00:47,757] multiqc                                            [DEBUG  ]  Command used: /home/mb62095/anaconda3/envs/fastqc/bin/multiqc -o /home/mb62095/epichloe_2024/02_trimming/qc/02 02/
[2024-01-16 17:00:48,269] multiqc                                            [DEBUG  ]  Could not connect to multiqc.info for version check: module 'packaging.version' has no attribute 'StrictVersion'
[2024-01-16 17:00:48,269] multiqc                                            [DEBUG  ]  Working dir : /home/mb62095/epichloe_2024/02_trimming/qc
[2024-01-16 17:00:48,270] multiqc                                            [DEBUG  ]  Template    : default
[2024-01-16 17:00:48,270] multiqc                                            [DEBUG  ]  Running Python 3.12.0 | packaged by conda-forge | (main, Oct  3 2023, 08:43:22) [GCC 12.3.0]
[2024-01-16 17:00:48,271] multiqc                                            [DEBUG  ]  Analysing modules: custom_content, ccs, ngsderive, purple, conpair, lima, peddy, somalier, methylQA, mosdepth, phantompeakqualtools, qualimap, preseq, hifiasm, quast, qorts, rna_seqc, rockhopper, rsem, rseqc, busco, bustools, goleft_indexcov, gffcompare, disambiguate, supernova, deeptools, sargasso, verifybamid, mirtrace, happy, mirtop, sambamba, gopeaks, homer, hops, macs2, theta2, snpeff, gatk, htseq, bcftools, featureCounts, fgbio, dragen, dragen_fastqc, dedup, pbmarkdup, damageprofiler, mapdamage, biobambam2, jcvi, mtnucratio, picard, vep, sentieon, bakta, prokka, qc3C, nanostat, samblaster, samtools, sexdeterrmine, eigenstratdatabasetools, bamtools, jellyfish, vcftools, longranger, stacks, varscan2, snippy, umitools, truvari, bbmap, bismark, biscuit, diamond, hicexplorer, hicup, hicpro, salmon, kallisto, slamdunk, star, hisat2, tophat, bowtie2, bowtie1, cellranger, snpsplit, odgi, pangolin, nextclade, freyja, humid, kat, leehom, librarian, adapterRemoval, bbduk, clipandmerge, cutadapt, flexbar, sourmash, kaiju, bracken, kraken, malt, motus, trimmomatic, sickle, skewer, sortmerna, biobloomtools, fastq_screen, afterqc, fastp, fastqc, filtlong, prinseqplusplus, pychopper, porechop, pycoqc, minionqc, anglerfish, multivcfanalyzer, clusterflow, checkqc, bcl2fastq, bclconvert, interop, ivar, flash, seqyclean, optitype, whatshap
[2024-01-16 17:00:48,272] multiqc                                            [DEBUG  ]  Using temporary directory for creating report: /tmp/tmpyimili94
[2024-01-16 17:00:48,285] multiqc                                            [INFO   ]  Search path : /home/mb62095/epichloe_2024/02_trimming/qc/02
[2024-01-16 17:00:50,262] multiqc                                            [DEBUG  ]  Summary of files that were skipped by the search: [skipped_module_specific_max_filesize: 288] // [skipped_no_match: 24]
[2024-01-16 17:00:51,237] multiqc.plots.bargraph                             [DEBUG  ]  Using matplotlib version 3.8.0
[2024-01-16 17:00:51,242] multiqc.plots.linegraph                            [DEBUG  ]  Using matplotlib version 3.8.0
[2024-01-16 17:00:51,244] multiqc                                            [DEBUG  ]  No samples found: custom_content
[2024-01-16 17:00:51,552] multiqc.modules.fastqc.fastqc                      [INFO   ]  Found 24 reports
[2024-01-16 17:00:51,630] multiqc.utils.software_versions                    [DEBUG  ]  Reading software versions from config.software_versions
[2024-01-16 17:00:51,664] multiqc                                            [DEBUG  ]  Compressing plot data
[2024-01-16 17:00:51,948] multiqc                                            [INFO   ]  Report      : 02/multiqc_report.html
[2024-01-16 17:00:51,949] multiqc                                            [INFO   ]  Data        : 02/multiqc_data
[2024-01-16 17:00:51,949] multiqc                                            [DEBUG  ]  Moving data file from '/tmp/tmpyimili94/multiqc_data' to '/home/mb62095/epichloe_2024/02_trimming/qc/02/multiqc_data'
[2024-01-16 17:00:51,992] multiqc                                            [DEBUG  ]  Full report path: /home/mb62095/epichloe_2024/02_trimming/qc/02/multiqc_report.html
[2024-01-16 17:00:53,361] multiqc                                            [INFO   ]  MultiQC complete
