[2024-01-16 11:52:00,246] multiqc                                            [DEBUG  ]  This is MultiQC v1.17
[2024-01-16 11:52:00,249] multiqc                                            [DEBUG  ]  Command used: /home/mb62095/anaconda3/envs/fastqc/bin/multiqc 03/
[2024-01-16 11:52:00,597] multiqc                                            [DEBUG  ]  Could not connect to multiqc.info for version check: module 'packaging.version' has no attribute 'StrictVersion'
[2024-01-16 11:52:00,598] multiqc                                            [DEBUG  ]  Working dir : /home/mb62095/epichloe_2024/01_qc/results
[2024-01-16 11:52:00,598] multiqc                                            [DEBUG  ]  Template    : default
[2024-01-16 11:52:00,598] multiqc                                            [DEBUG  ]  Running Python 3.12.0 | packaged by conda-forge | (main, Oct  3 2023, 08:43:22) [GCC 12.3.0]
[2024-01-16 11:52:00,599] multiqc                                            [DEBUG  ]  Analysing modules: custom_content, ccs, ngsderive, purple, conpair, lima, peddy, somalier, methylQA, mosdepth, phantompeakqualtools, qualimap, preseq, hifiasm, quast, qorts, rna_seqc, rockhopper, rsem, rseqc, busco, bustools, goleft_indexcov, gffcompare, disambiguate, supernova, deeptools, sargasso, verifybamid, mirtrace, happy, mirtop, sambamba, gopeaks, homer, hops, macs2, theta2, snpeff, gatk, htseq, bcftools, featureCounts, fgbio, dragen, dragen_fastqc, dedup, pbmarkdup, damageprofiler, mapdamage, biobambam2, jcvi, mtnucratio, picard, vep, sentieon, bakta, prokka, qc3C, nanostat, samblaster, samtools, sexdeterrmine, eigenstratdatabasetools, bamtools, jellyfish, vcftools, longranger, stacks, varscan2, snippy, umitools, truvari, bbmap, bismark, biscuit, diamond, hicexplorer, hicup, hicpro, salmon, kallisto, slamdunk, star, hisat2, tophat, bowtie2, bowtie1, cellranger, snpsplit, odgi, pangolin, nextclade, freyja, humid, kat, leehom, librarian, adapterRemoval, bbduk, clipandmerge, cutadapt, flexbar, sourmash, kaiju, bracken, kraken, malt, motus, trimmomatic, sickle, skewer, sortmerna, biobloomtools, fastq_screen, afterqc, fastp, fastqc, filtlong, prinseqplusplus, pychopper, porechop, pycoqc, minionqc, anglerfish, multivcfanalyzer, clusterflow, checkqc, bcl2fastq, bclconvert, interop, ivar, flash, seqyclean, optitype, whatshap
[2024-01-16 11:52:00,600] multiqc                                            [DEBUG  ]  Using temporary directory for creating report: /tmp/tmp4anq5o11
[2024-01-16 11:52:00,606] multiqc                                            [INFO   ]  Search path : /home/mb62095/epichloe_2024/01_qc/results/03
[2024-01-16 11:52:03,260] multiqc                                            [DEBUG  ]  Summary of files that were skipped by the search: [skipped_module_specific_max_filesize: 288] // [skipped_no_match: 24]
[2024-01-16 11:52:03,706] multiqc.plots.bargraph                             [DEBUG  ]  Using matplotlib version 3.8.0
[2024-01-16 11:52:03,707] multiqc.plots.linegraph                            [DEBUG  ]  Using matplotlib version 3.8.0
[2024-01-16 11:52:03,709] multiqc                                            [DEBUG  ]  No samples found: custom_content
[2024-01-16 11:52:04,496] multiqc.modules.fastqc.fastqc                      [INFO   ]  Found 24 reports
[2024-01-16 11:52:04,617] multiqc.utils.software_versions                    [DEBUG  ]  Reading software versions from config.software_versions
[2024-01-16 11:52:04,702] multiqc                                            [DEBUG  ]  Compressing plot data
[2024-01-16 11:52:05,116] multiqc                                            [INFO   ]  Existing reports found, adding suffix to filenames. Use '--force' to overwrite.
[2024-01-16 11:52:05,116] multiqc                                            [INFO   ]  Report      : multiqc_report_2.html
[2024-01-16 11:52:05,117] multiqc                                            [INFO   ]  Data        : multiqc_data_2
[2024-01-16 11:52:05,118] multiqc                                            [DEBUG  ]  Moving data file from '/tmp/tmp4anq5o11/multiqc_data' to '/home/mb62095/epichloe_2024/01_qc/results/multiqc_data_2'
[2024-01-16 11:52:05,153] multiqc                                            [DEBUG  ]  Full report path: /home/mb62095/epichloe_2024/01_qc/results/multiqc_report_2.html
[2024-01-16 11:52:05,594] multiqc                                            [INFO   ]  MultiQC complete
