[2024-01-16 11:51:27,955] multiqc                                            [DEBUG  ]  This is MultiQC v1.17
[2024-01-16 11:51:27,957] multiqc                                            [DEBUG  ]  Command used: /home/mb62095/anaconda3/envs/fastqc/bin/multiqc 02/
[2024-01-16 11:51:28,307] multiqc                                            [DEBUG  ]  Could not connect to multiqc.info for version check: module 'packaging.version' has no attribute 'StrictVersion'
[2024-01-16 11:51:28,308] multiqc                                            [DEBUG  ]  Working dir : /home/mb62095/epichloe_2024/01_qc/results
[2024-01-16 11:51:28,308] multiqc                                            [DEBUG  ]  Template    : default
[2024-01-16 11:51:28,308] multiqc                                            [DEBUG  ]  Running Python 3.12.0 | packaged by conda-forge | (main, Oct  3 2023, 08:43:22) [GCC 12.3.0]
[2024-01-16 11:51:28,309] multiqc                                            [DEBUG  ]  Analysing modules: custom_content, ccs, ngsderive, purple, conpair, lima, peddy, somalier, methylQA, mosdepth, phantompeakqualtools, qualimap, preseq, hifiasm, quast, qorts, rna_seqc, rockhopper, rsem, rseqc, busco, bustools, goleft_indexcov, gffcompare, disambiguate, supernova, deeptools, sargasso, verifybamid, mirtrace, happy, mirtop, sambamba, gopeaks, homer, hops, macs2, theta2, snpeff, gatk, htseq, bcftools, featureCounts, fgbio, dragen, dragen_fastqc, dedup, pbmarkdup, damageprofiler, mapdamage, biobambam2, jcvi, mtnucratio, picard, vep, sentieon, bakta, prokka, qc3C, nanostat, samblaster, samtools, sexdeterrmine, eigenstratdatabasetools, bamtools, jellyfish, vcftools, longranger, stacks, varscan2, snippy, umitools, truvari, bbmap, bismark, biscuit, diamond, hicexplorer, hicup, hicpro, salmon, kallisto, slamdunk, star, hisat2, tophat, bowtie2, bowtie1, cellranger, snpsplit, odgi, pangolin, nextclade, freyja, humid, kat, leehom, librarian, adapterRemoval, bbduk, clipandmerge, cutadapt, flexbar, sourmash, kaiju, bracken, kraken, malt, motus, trimmomatic, sickle, skewer, sortmerna, biobloomtools, fastq_screen, afterqc, fastp, fastqc, filtlong, prinseqplusplus, pychopper, porechop, pycoqc, minionqc, anglerfish, multivcfanalyzer, clusterflow, checkqc, bcl2fastq, bclconvert, interop, ivar, flash, seqyclean, optitype, whatshap
[2024-01-16 11:51:28,310] multiqc                                            [DEBUG  ]  Using temporary directory for creating report: /tmp/tmp3wrxujd6
[2024-01-16 11:51:28,314] multiqc                                            [INFO   ]  Search path : /home/mb62095/epichloe_2024/01_qc/results/02
[2024-01-16 11:51:30,541] multiqc                                            [DEBUG  ]  Summary of files that were skipped by the search: [skipped_module_specific_max_filesize: 288] // [skipped_no_match: 24]
[2024-01-16 11:51:31,084] multiqc.plots.bargraph                             [DEBUG  ]  Using matplotlib version 3.8.0
[2024-01-16 11:51:31,087] multiqc.plots.linegraph                            [DEBUG  ]  Using matplotlib version 3.8.0
[2024-01-16 11:51:31,089] multiqc                                            [DEBUG  ]  No samples found: custom_content
[2024-01-16 11:51:32,434] multiqc.modules.fastqc.fastqc                      [INFO   ]  Found 24 reports
[2024-01-16 11:51:32,532] multiqc.utils.software_versions                    [DEBUG  ]  Reading software versions from config.software_versions
[2024-01-16 11:51:32,601] multiqc                                            [DEBUG  ]  Compressing plot data
[2024-01-16 11:51:32,965] multiqc                                            [INFO   ]  Existing reports found, adding suffix to filenames. Use '--force' to overwrite.
[2024-01-16 11:51:32,966] multiqc                                            [INFO   ]  Report      : multiqc_report_1.html
[2024-01-16 11:51:32,967] multiqc                                            [INFO   ]  Data        : multiqc_data_1
[2024-01-16 11:51:32,969] multiqc                                            [DEBUG  ]  Moving data file from '/tmp/tmp3wrxujd6/multiqc_data' to '/home/mb62095/epichloe_2024/01_qc/results/multiqc_data_1'
[2024-01-16 11:51:33,033] multiqc                                            [DEBUG  ]  Full report path: /home/mb62095/epichloe_2024/01_qc/results/multiqc_report_1.html
[2024-01-16 11:51:33,567] multiqc                                            [INFO   ]  MultiQC complete
